Using pre-set license
Built from '2020.3/staging' branch; Version is '2020.3.0f1 (c7b5465681fb) revision 13088070'; Using compiler version '192528614'; Build Type 'Release'
OS: 'Windows 10 Home Single Language; OS build 19041.985; Version 2004; 64bit' Language: 'en' Physical Memory: 12162 MB
BatchMode: 1, IsHumanControllingUs: 0, StartBugReporterOnCrash: 0, Is64bit: 1, IsPro: 0

 COMMAND LINE ARGUMENTS:
C:\Program Files\Unity\Hub\Editor\2020.3.0f1\Editor\Unity.exe
-adb2
-batchMode
-noUpm
-name
AssetImportWorker0
-projectPath
C:/Users/yarim/Desktop/kodlarım/Unity/BitirmeProjem
-logFile
Logs/AssetImportWorker0.log
-srvPort
51773
Successfully changed project path to: C:/Users/yarim/Desktop/kodlarım/Unity/BitirmeProjem
C:/Users/yarim/Desktop/kodlarım/Unity/BitirmeProjem
Using Asset Import Pipeline V2.
Refreshing native plugins compatible for Editor in 42.57 ms, found 0 plugins.
Preloading 0 native plugins for Editor in 0.00 ms.
Initialize engine version: 2020.3.0f1 (c7b5465681fb)
[Subsystems] Discovering subsystems at path C:/Program Files/Unity/Hub/Editor/2020.3.0f1/Editor/Data/Resources/UnitySubsystems
[Subsystems] Discovering subsystems at path C:/Users/yarim/Desktop/kodlarım/Unity/BitirmeProjem/Assets
GfxDevice: creating device client; threaded=0
Direct3D:
    Version:  Direct3D 11.0 [level 11.1]
    Renderer: AMD Radeon(TM) 530 (ID=0x6900)
    Vendor:   
    VRAM:     2039 MB
    Driver:   26.20.12026.2001
Initialize mono
Mono path[0] = 'C:/Program Files/Unity/Hub/Editor/2020.3.0f1/Editor/Data/Managed'
Mono path[1] = 'C:/Program Files/Unity/Hub/Editor/2020.3.0f1/Editor/Data/MonoBleedingEdge/lib/mono/unityjit'
Mono config path = 'C:/Program Files/Unity/Hub/Editor/2020.3.0f1/Editor/Data/MonoBleedingEdge/etc'
Using monoOptions --debugger-agent=transport=dt_socket,embedding=1,server=y,suspend=n,address=127.0.0.1:56900
Begin MonoManager ReloadAssembly
Registering precompiled unity dll's ...
Register platform support module: C:/Program Files/Unity/Hub/Editor/2020.3.0f1/Editor/Data/PlaybackEngines/WindowsStandaloneSupport/UnityEditor.WindowsStandalone.Extensions.dll
Registered in 0.006516 seconds.
Native extension for WindowsStandalone target not found
Refreshing native plugins compatible for Editor in 55.64 ms, found 0 plugins.
Preloading 0 native plugins for Editor in 0.00 ms.
Invoked RoslynAnalysisRunner static constructor.
RoslynAnalysisRunner will not be running.
RoslynAnalysisRunner has terminated.
Mono: successfully reloaded assembly
- Completed reload, in  4.160 seconds
Platform modules already initialized, skipping
Registering precompiled user dll's ...
Registered in 0.002210 seconds.
Begin MonoManager ReloadAssembly
Native extension for WindowsStandalone target not found
Refreshing native plugins compatible for Editor in 0.24 ms, found 0 plugins.
Preloading 0 native plugins for Editor in 0.00 ms.
Invoked RoslynAnalysisRunner static constructor.
RoslynAnalysisRunner will not be running.
RoslynAnalysisRunner has terminated.
Mono: successfully reloaded assembly
- Completed reload, in  1.042 seconds
Platform modules already initialized, skipping
========================================================================
Worker process is ready to serve import requests
Launched and connected shader compiler UnityShaderCompiler.exe after 0.06 seconds
Refreshing native plugins compatible for Editor in 0.25 ms, found 0 plugins.
Preloading 0 native plugins for Editor in 0.00 ms.
Unloading 1149 Unused Serialized files (Serialized files now loaded: 0)
System memory in use before: 70.1 MB.
System memory in use after: 70.2 MB.

Unloading 10 unused Assets to reduce memory usage. Loaded Objects now: 1610.
Total: 1.837100 ms (FindLiveObjects: 0.176500 ms CreateObjectMapping: 0.108200 ms MarkObjects: 1.463100 ms  DeleteObjects: 0.087900 ms)

========================================================================
Received Import Request.
  path: Assets/Scenes/AnaMenü.unity
  artifactKey: Guid(9fc0d4010bbf28b4594072e72b8655ab) Importer(815301076,1909f56bfc062723c751e8b465ee728b)
Start importing Assets/Scenes/AnaMenü.unity using Guid(9fc0d4010bbf28b4594072e72b8655ab) Importer(815301076,1909f56bfc062723c751e8b465ee728b)  -> (artifact id: 'fdb2b67b50bf5a6ff393b4349e293245') in 0.017399 seconds
  Import took 0.083691 seconds .

========================================================================
Received Prepare
Refreshing native plugins compatible for Editor in 1.13 ms, found 0 plugins.
Preloading 0 native plugins for Editor in 0.00 ms.
Unloading 3 Unused Serialized files (Serialized files now loaded: 0)
System memory in use before: 47.3 MB.
System memory in use after: 47.4 MB.

Unloading 3 unused Assets to reduce memory usage. Loaded Objects now: 1610.
Total: 2.433200 ms (FindLiveObjects: 0.141000 ms CreateObjectMapping: 0.049600 ms MarkObjects: 2.166300 ms  DeleteObjects: 0.075100 ms)

========================================================================
Received Import Request.
  Time since last request: 2961.708414 seconds.
  path: Assets/Scripts/AnaMenu.cs
  artifactKey: Guid(b026e5ea53a3d2e49a2f99a3001d5569) Importer(815301076,1909f56bfc062723c751e8b465ee728b)
Start importing Assets/Scripts/AnaMenu.cs using Guid(b026e5ea53a3d2e49a2f99a3001d5569) Importer(815301076,1909f56bfc062723c751e8b465ee728b)  -> (artifact id: '1d702512f7a8d8a0ecd67f9ed739e279') in 0.207860 seconds
  Import took 0.236746 seconds .

========================================================================
Received Import Request.
  Time since last request: 225.498071 seconds.
  path: Assets/Scripts/Islemler.cs
  artifactKey: Guid(81e664783626fe54cb001cb4cae171ff) Importer(815301076,1909f56bfc062723c751e8b465ee728b)
Start importing Assets/Scripts/Islemler.cs using Guid(81e664783626fe54cb001cb4cae171ff) Importer(815301076,1909f56bfc062723c751e8b465ee728b)  -> (artifact id: 'c0341890626e823caad955b4aa31f194') in 0.105034 seconds
  Import took 0.227108 seconds .

========================================================================
Received Prepare
Registering precompiled user dll's ...
Registered in 0.001016 seconds.
Begin MonoManager ReloadAssembly
Native extension for WindowsStandalone target not found
Refreshing native plugins compatible for Editor in 0.22 ms, found 0 plugins.
Preloading 0 native plugins for Editor in 0.00 ms.
Invoked RoslynAnalysisRunner static constructor.
RoslynAnalysisRunner will not be running.
RoslynAnalysisRunner has terminated.
Mono: successfully reloaded assembly
- Completed reload, in  0.849 seconds
Platform modules already initialized, skipping
Refreshing native plugins compatible for Editor in 0.22 ms, found 0 plugins.
Preloading 0 native plugins for Editor in 0.00 ms.
Unloading 1144 Unused Serialized files (Serialized files now loaded: 0)
System memory in use before: 70.1 MB.
System memory in use after: 70.2 MB.

Unloading 5 unused Assets to reduce memory usage. Loaded Objects now: 1613.
Total: 1.882100 ms (FindLiveObjects: 0.161600 ms CreateObjectMapping: 0.048300 ms MarkObjects: 1.601300 ms  DeleteObjects: 0.068300 ms)

========================================================================
Received Import Request.
  Time since last request: 762.503029 seconds.
  path: Assets/Animasyon/SeviyeControllerAnim.controller
  artifactKey: Guid(abc651eef23e0dd4b8d0f682916cd0a7) Importer(815301076,1909f56bfc062723c751e8b465ee728b)
Start importing Assets/Animasyon/SeviyeControllerAnim.controller using Guid(abc651eef23e0dd4b8d0f682916cd0a7) Importer(815301076,1909f56bfc062723c751e8b465ee728b)  -> (artifact id: 'ec55de87b375ac59a890c1119d020f95') in 0.138910 seconds
  Import took 0.157201 seconds .

========================================================================
Received Prepare
Registering precompiled user dll's ...
Registered in 0.001118 seconds.
Begin MonoManager ReloadAssembly
Native extension for WindowsStandalone target not found
Refreshing native plugins compatible for Editor in 0.21 ms, found 0 plugins.
Preloading 0 native plugins for Editor in 0.00 ms.
Invoked RoslynAnalysisRunner static constructor.
RoslynAnalysisRunner will not be running.
RoslynAnalysisRunner has terminated.
Mono: successfully reloaded assembly
- Completed reload, in  0.840 seconds
Platform modules already initialized, skipping
Refreshing native plugins compatible for Editor in 0.23 ms, found 0 plugins.
Preloading 0 native plugins for Editor in 0.00 ms.
Unloading 1144 Unused Serialized files (Serialized files now loaded: 0)
System memory in use before: 70.1 MB.
System memory in use after: 70.2 MB.

Unloading 5 unused Assets to reduce memory usage. Loaded Objects now: 1616.
Total: 2.185600 ms (FindLiveObjects: 0.282000 ms CreateObjectMapping: 0.090000 ms MarkObjects: 1.739300 ms  DeleteObjects: 0.072000 ms)

========================================================================
Received Prepare
Registering precompiled user dll's ...
Registered in 0.001098 seconds.
Begin MonoManager ReloadAssembly
Native extension for WindowsStandalone target not found
Refreshing native plugins compatible for Editor in 0.22 ms, found 0 plugins.
Preloading 0 native plugins for Editor in 0.00 ms.
Invoked RoslynAnalysisRunner static constructor.
RoslynAnalysisRunner will not be running.
RoslynAnalysisRunner has terminated.
Mono: successfully reloaded assembly
- Completed reload, in  0.896 seconds
Platform modules already initialized, skipping
Refreshing native plugins compatible for Editor in 0.22 ms, found 0 plugins.
Preloading 0 native plugins for Editor in 0.00 ms.
Unloading 1144 Unused Serialized files (Serialized files now loaded: 0)
System memory in use before: 70.2 MB.
System memory in use after: 70.2 MB.

Unloading 5 unused Assets to reduce memory usage. Loaded Objects now: 1619.
Total: 1.990000 ms (FindLiveObjects: 0.140900 ms CreateObjectMapping: 0.068000 ms MarkObjects: 1.722800 ms  DeleteObjects: 0.056800 ms)

========================================================================
Received Prepare
Registering precompiled user dll's ...
Registered in 0.001082 seconds.
Begin MonoManager ReloadAssembly
Native extension for WindowsStandalone target not found
Refreshing native plugins compatible for Editor in 0.24 ms, found 0 plugins.
Preloading 0 native plugins for Editor in 0.00 ms.
Invoked RoslynAnalysisRunner static constructor.
RoslynAnalysisRunner will not be running.
RoslynAnalysisRunner has terminated.
Mono: successfully reloaded assembly
- Completed reload, in  0.922 seconds
Platform modules already initialized, skipping
Refreshing native plugins compatible for Editor in 0.22 ms, found 0 plugins.
Preloading 0 native plugins for Editor in 0.00 ms.
Unloading 1144 Unused Serialized files (Serialized files now loaded: 0)
System memory in use before: 70.2 MB.
System memory in use after: 70.2 MB.

Unloading 5 unused Assets to reduce memory usage. Loaded Objects now: 1622.
Total: 2.006500 ms (FindLiveObjects: 0.169300 ms CreateObjectMapping: 0.065600 ms MarkObjects: 1.706200 ms  DeleteObjects: 0.063900 ms)

========================================================================
Received Prepare
Registering precompiled user dll's ...
Registered in 0.036957 seconds.
Begin MonoManager ReloadAssembly
Native extension for WindowsStandalone target not found
Refreshing native plugins compatible for Editor in 0.22 ms, found 0 plugins.
Preloading 0 native plugins for Editor in 0.00 ms.
Invoked RoslynAnalysisRunner static constructor.
RoslynAnalysisRunner will not be running.
RoslynAnalysisRunner has terminated.
Mono: successfully reloaded assembly
- Completed reload, in  1.187 seconds
Platform modules already initialized, skipping
Refreshing native plugins compatible for Editor in 0.22 ms, found 0 plugins.
Preloading 0 native plugins for Editor in 0.00 ms.
Unloading 1144 Unused Serialized files (Serialized files now loaded: 0)
System memory in use before: 70.2 MB.
System memory in use after: 70.3 MB.

Unloading 5 unused Assets to reduce memory usage. Loaded Objects now: 1625.
Total: 1.853900 ms (FindLiveObjects: 0.152200 ms CreateObjectMapping: 0.042200 ms MarkObjects: 1.595100 ms  DeleteObjects: 0.062500 ms)

========================================================================
Received Prepare
Registering precompiled user dll's ...
Registered in 0.001202 seconds.
Begin MonoManager ReloadAssembly
Native extension for WindowsStandalone target not found
Refreshing native plugins compatible for Editor in 0.21 ms, found 0 plugins.
Preloading 0 native plugins for Editor in 0.00 ms.
Invoked RoslynAnalysisRunner static constructor.
RoslynAnalysisRunner will not be running.
RoslynAnalysisRunner has terminated.
Mono: successfully reloaded assembly
- Completed reload, in  0.922 seconds
Platform modules already initialized, skipping
Refreshing native plugins compatible for Editor in 0.22 ms, found 0 plugins.
Preloading 0 native plugins for Editor in 0.00 ms.
Unloading 1144 Unused Serialized files (Serialized files now loaded: 0)
System memory in use before: 70.2 MB.
System memory in use after: 70.3 MB.

Unloading 5 unused Assets to reduce memory usage. Loaded Objects now: 1628.
Total: 1.738700 ms (FindLiveObjects: 0.172500 ms CreateObjectMapping: 0.053800 ms MarkObjects: 1.446000 ms  DeleteObjects: 0.064500 ms)

========================================================================
Received Prepare
Registering precompiled user dll's ...
Registered in 0.001142 seconds.
Begin MonoManager ReloadAssembly
Native extension for WindowsStandalone target not found
Refreshing native plugins compatible for Editor in 0.61 ms, found 0 plugins.
Preloading 0 native plugins for Editor in 0.00 ms.
Invoked RoslynAnalysisRunner static constructor.
RoslynAnalysisRunner will not be running.
RoslynAnalysisRunner has terminated.
Mono: successfully reloaded assembly
- Completed reload, in  1.037 seconds
Platform modules already initialized, skipping
Refreshing native plugins compatible for Editor in 0.33 ms, found 0 plugins.
Preloading 0 native plugins for Editor in 0.00 ms.
Unloading 1144 Unused Serialized files (Serialized files now loaded: 0)
System memory in use before: 70.2 MB.
System memory in use after: 70.3 MB.

Unloading 5 unused Assets to reduce memory usage. Loaded Objects now: 1631.
Total: 2.592100 ms (FindLiveObjects: 0.303800 ms CreateObjectMapping: 0.089600 ms MarkObjects: 2.125400 ms  DeleteObjects: 0.071600 ms)

========================================================================
Received Prepare
Registering precompiled user dll's ...
Registered in 0.001070 seconds.
Begin MonoManager ReloadAssembly
Native extension for WindowsStandalone target not found
Refreshing native plugins compatible for Editor in 0.21 ms, found 0 plugins.
Preloading 0 native plugins for Editor in 0.00 ms.
Invoked RoslynAnalysisRunner static constructor.
RoslynAnalysisRunner will not be running.
RoslynAnalysisRunner has terminated.
Mono: successfully reloaded assembly
- Completed reload, in  0.867 seconds
Platform modules already initialized, skipping
Refreshing native plugins compatible for Editor in 0.21 ms, found 0 plugins.
Preloading 0 native plugins for Editor in 0.00 ms.
Unloading 1144 Unused Serialized files (Serialized files now loaded: 0)
System memory in use before: 70.2 MB.
System memory in use after: 70.3 MB.

Unloading 5 unused Assets to reduce memory usage. Loaded Objects now: 1634.
Total: 1.988100 ms (FindLiveObjects: 0.162100 ms CreateObjectMapping: 0.057900 ms MarkObjects: 1.699300 ms  DeleteObjects: 0.066600 ms)

========================================================================
Received Prepare
Registering precompiled user dll's ...
Registered in 0.001142 seconds.
Begin MonoManager ReloadAssembly
Native extension for WindowsStandalone target not found
Refreshing native plugins compatible for Editor in 0.21 ms, found 0 plugins.
Preloading 0 native plugins for Editor in 0.00 ms.
Invoked RoslynAnalysisRunner static constructor.
RoslynAnalysisRunner will not be running.
RoslynAnalysisRunner has terminated.
Mono: successfully reloaded assembly
- Completed reload, in  0.856 seconds
Platform modules already initialized, skipping
Refreshing native plugins compatible for Editor in 0.23 ms, found 0 plugins.
Preloading 0 native plugins for Editor in 0.00 ms.
Unloading 1144 Unused Serialized files (Serialized files now loaded: 0)
System memory in use before: 70.2 MB.
System memory in use after: 70.3 MB.

Unloading 5 unused Assets to reduce memory usage. Loaded Objects now: 1637.
Total: 2.465500 ms (FindLiveObjects: 0.254400 ms CreateObjectMapping: 0.059100 ms MarkObjects: 2.073700 ms  DeleteObjects: 0.075800 ms)

========================================================================
Received Import Request.
  Time since last request: 2080.705256 seconds.
  path: Assets/Animasyon/RawImage 1.controller
  artifactKey: Guid(de69ba08a52d8cc4281224294c9624f9) Importer(815301076,1909f56bfc062723c751e8b465ee728b)
Start importing Assets/Animasyon/RawImage 1.controller using Guid(de69ba08a52d8cc4281224294c9624f9) Importer(815301076,1909f56bfc062723c751e8b465ee728b)  -> (artifact id: 'f61115e9ddba10a4d2846b81ef7f989d') in 0.069901 seconds
  Import took 0.096192 seconds .

========================================================================
Received Prepare
Registering precompiled user dll's ...
Registered in 0.001153 seconds.
Begin MonoManager ReloadAssembly
Native extension for WindowsStandalone target not found
Refreshing native plugins compatible for Editor in 0.24 ms, found 0 plugins.
Preloading 0 native plugins for Editor in 0.00 ms.
Invoked RoslynAnalysisRunner static constructor.
RoslynAnalysisRunner will not be running.
RoslynAnalysisRunner has terminated.
Mono: successfully reloaded assembly
- Completed reload, in  0.923 seconds
Platform modules already initialized, skipping
Refreshing native plugins compatible for Editor in 0.21 ms, found 0 plugins.
Preloading 0 native plugins for Editor in 0.00 ms.
Unloading 1144 Unused Serialized files (Serialized files now loaded: 0)
System memory in use before: 70.2 MB.
System memory in use after: 70.3 MB.

Unloading 5 unused Assets to reduce memory usage. Loaded Objects now: 1640.
Total: 1.972800 ms (FindLiveObjects: 0.133900 ms CreateObjectMapping: 0.037300 ms MarkObjects: 1.728400 ms  DeleteObjects: 0.072200 ms)

========================================================================
Received Import Request.
  Time since last request: 17.815251 seconds.
  path: Assets/Animasyon/RawImage 2.controller
  artifactKey: Guid(1aa4df9baf0bd74409b3abcbe2c8301b) Importer(815301076,1909f56bfc062723c751e8b465ee728b)
Start importing Assets/Animasyon/RawImage 2.controller using Guid(1aa4df9baf0bd74409b3abcbe2c8301b) Importer(815301076,1909f56bfc062723c751e8b465ee728b)  -> (artifact id: '8eadd6166ab7a3a7d7020496319ae69d') in 0.037514 seconds
  Import took 0.051031 seconds .

========================================================================
Received Prepare
Registering precompiled user dll's ...
Registered in 0.001666 seconds.
Begin MonoManager ReloadAssembly
Native extension for WindowsStandalone target not found
Refreshing native plugins compatible for Editor in 0.25 ms, found 0 plugins.
Preloading 0 native plugins for Editor in 0.00 ms.
Invoked RoslynAnalysisRunner static constructor.
RoslynAnalysisRunner will not be running.
RoslynAnalysisRunner has terminated.
Mono: successfully reloaded assembly
- Completed reload, in  0.909 seconds
Platform modules already initialized, skipping
Refreshing native plugins compatible for Editor in 0.24 ms, found 0 plugins.
Preloading 0 native plugins for Editor in 0.00 ms.
Unloading 1144 Unused Serialized files (Serialized files now loaded: 0)
System memory in use before: 70.2 MB.
System memory in use after: 70.3 MB.

Unloading 5 unused Assets to reduce memory usage. Loaded Objects now: 1643.
Total: 2.141500 ms (FindLiveObjects: 0.277500 ms CreateObjectMapping: 0.051800 ms MarkObjects: 1.746100 ms  DeleteObjects: 0.064300 ms)

========================================================================
Received Prepare
Registering precompiled user dll's ...
Registered in 0.001143 seconds.
Begin MonoManager ReloadAssembly
Native extension for WindowsStandalone target not found
Refreshing native plugins compatible for Editor in 0.21 ms, found 0 plugins.
Preloading 0 native plugins for Editor in 0.00 ms.
Invoked RoslynAnalysisRunner static constructor.
RoslynAnalysisRunner will not be running.
RoslynAnalysisRunner has terminated.
Mono: successfully reloaded assembly
- Completed reload, in  0.879 seconds
Platform modules already initialized, skipping
Refreshing native plugins compatible for Editor in 0.24 ms, found 0 plugins.
Preloading 0 native plugins for Editor in 0.00 ms.
Unloading 1144 Unused Serialized files (Serialized files now loaded: 0)
System memory in use before: 70.2 MB.
System memory in use after: 70.3 MB.

Unloading 5 unused Assets to reduce memory usage. Loaded Objects now: 1646.
Total: 1.854100 ms (FindLiveObjects: 0.166500 ms CreateObjectMapping: 0.050700 ms MarkObjects: 1.561500 ms  DeleteObjects: 0.073700 ms)

========================================================================
Received Import Request.
  Time since last request: 1536.140729 seconds.
  path: Assets/Resimler/balloon.png
  artifactKey: Guid(44ee903f1031d334fa988aba7153e88c) Importer(815301076,1909f56bfc062723c751e8b465ee728b)
Start importing Assets/Resimler/balloon.png using Guid(44ee903f1031d334fa988aba7153e88c) Importer(815301076,1909f56bfc062723c751e8b465ee728b)  -> (artifact id: '8166301104b66d5158a7cfd56573ea82') in 0.204694 seconds
  Import took 0.221905 seconds .

========================================================================
Received Import Request.
  Time since last request: 27.001155 seconds.
  path: Assets/Animasyon/Cikis.controller
  artifactKey: Guid(295ce5e748ecc644bbb097e168f5e8d8) Importer(815301076,1909f56bfc062723c751e8b465ee728b)
Start importing Assets/Animasyon/Cikis.controller using Guid(295ce5e748ecc644bbb097e168f5e8d8) Importer(815301076,1909f56bfc062723c751e8b465ee728b)  -> (artifact id: '0e1718ec939d7956ec0c1a59ac754796') in 0.012681 seconds
  Import took 0.015427 seconds .

========================================================================
Received Import Request.
  Time since last request: 0.003365 seconds.
  path: Assets/Animasyon/Cikis.controller
  artifactKey: Guid(295ce5e748ecc644bbb097e168f5e8d8) Importer(815301076,1909f56bfc062723c751e8b465ee728b)
Start importing Assets/Animasyon/Cikis.controller using Guid(295ce5e748ecc644bbb097e168f5e8d8) Importer(815301076,1909f56bfc062723c751e8b465ee728b)  -> (artifact id: '0e1718ec939d7956ec0c1a59ac754796') in 0.006641 seconds
  Import took 0.009035 seconds .

========================================================================
Received Import Request.
  Time since last request: 73.500126 seconds.
  path: Assets/Scenes/Islemler.unity
  artifactKey: Guid(23255bd74be037946b066eedd30b34c8) Importer(815301076,1909f56bfc062723c751e8b465ee728b)
Start importing Assets/Scenes/Islemler.unity using Guid(23255bd74be037946b066eedd30b34c8) Importer(815301076,1909f56bfc062723c751e8b465ee728b)  -> (artifact id: '5c4101c03bb45d3dc92dabc3014d5dae') in 0.010195 seconds
  Import took 0.027579 seconds .

========================================================================
Received Import Request.
  Time since last request: 74.042033 seconds.
  path: Assets/Animasyon/anamenu2Anim.anim
  artifactKey: Guid(6d7595b3de4a6d24193183791811ff39) Importer(815301076,1909f56bfc062723c751e8b465ee728b)
Start importing Assets/Animasyon/anamenu2Anim.anim using Guid(6d7595b3de4a6d24193183791811ff39) Importer(815301076,1909f56bfc062723c751e8b465ee728b)  -> (artifact id: '24700ff4ee41cba23432721ccb4f5ffa') in 0.013221 seconds
  Import took 0.036596 seconds .

========================================================================
Received Import Request.
  Time since last request: 4.874124 seconds.
  path: Assets/Animasyon/anamenuAnim.anim
  artifactKey: Guid(e9188b8b63f4bea40b6a5b99484b7011) Importer(815301076,1909f56bfc062723c751e8b465ee728b)
Start importing Assets/Animasyon/anamenuAnim.anim using Guid(e9188b8b63f4bea40b6a5b99484b7011) Importer(815301076,1909f56bfc062723c751e8b465ee728b)  -> (artifact id: '83e481cd6ed3237bf8b98f84c9e382fa') in 0.012603 seconds
  Import took 0.015623 seconds .

========================================================================
Received Import Request.
  Time since last request: 1.570159 seconds.
  path: Assets/Animasyon/Baslik.controller
  artifactKey: Guid(f3bd7d2a3eeaeda4bac7980d6f6ae7a0) Importer(815301076,1909f56bfc062723c751e8b465ee728b)
Start importing Assets/Animasyon/Baslik.controller using Guid(f3bd7d2a3eeaeda4bac7980d6f6ae7a0) Importer(815301076,1909f56bfc062723c751e8b465ee728b)  -> (artifact id: '205aafd2c1477cad4a3fdb65b924bb8a') in 0.013243 seconds
  Import took 0.016510 seconds .

========================================================================
Received Import Request.
  Time since last request: 0.000891 seconds.
  path: Assets/Animasyon/Baslik.controller
  artifactKey: Guid(f3bd7d2a3eeaeda4bac7980d6f6ae7a0) Importer(815301076,1909f56bfc062723c751e8b465ee728b)
Start importing Assets/Animasyon/Baslik.controller using Guid(f3bd7d2a3eeaeda4bac7980d6f6ae7a0) Importer(815301076,1909f56bfc062723c751e8b465ee728b)  -> (artifact id: '205aafd2c1477cad4a3fdb65b924bb8a') in 0.005308 seconds
  Import took 0.007931 seconds .

========================================================================
Received Import Request.
  Time since last request: 0.850874 seconds.
  path: Assets/Animasyon/baslikAnim.anim
  artifactKey: Guid(a4543b4f53180494a9d0ae9ae785e129) Importer(815301076,1909f56bfc062723c751e8b465ee728b)
Start importing Assets/Animasyon/baslikAnim.anim using Guid(a4543b4f53180494a9d0ae9ae785e129) Importer(815301076,1909f56bfc062723c751e8b465ee728b)  -> (artifact id: '228b5530291afc66ad3efd3b44c7f62e') in 0.042740 seconds
  Import took 0.045597 seconds .

========================================================================
Received Import Request.
  Time since last request: 0.891868 seconds.
  path: Assets/Animasyon/Cikis.controller
  artifactKey: Guid(295ce5e748ecc644bbb097e168f5e8d8) Importer(815301076,1909f56bfc062723c751e8b465ee728b)
Start importing Assets/Animasyon/Cikis.controller using Guid(295ce5e748ecc644bbb097e168f5e8d8) Importer(815301076,1909f56bfc062723c751e8b465ee728b)  -> (artifact id: '1fbce375ee1d08a23773ced08685863d') in 0.009567 seconds
  Import took 0.012549 seconds .

========================================================================
Received Import Request.
  Time since last request: 0.925142 seconds.
  path: Assets/Animasyon/Play.controller
  artifactKey: Guid(1a3a970ac9d3a2043a7915b4c9e63948) Importer(815301076,1909f56bfc062723c751e8b465ee728b)
Start importing Assets/Animasyon/Play.controller using Guid(1a3a970ac9d3a2043a7915b4c9e63948) Importer(815301076,1909f56bfc062723c751e8b465ee728b)  -> (artifact id: '871cec867c36638178c31b05cebdaf4d') in 0.012305 seconds
  Import took 0.034422 seconds .

========================================================================
Received Import Request.
  Time since last request: 0.148870 seconds.
  path: Assets/Animasyon/SeviyeAnim.anim
  artifactKey: Guid(6cb3cb66774108b499edd013bf348402) Importer(815301076,1909f56bfc062723c751e8b465ee728b)
Start importing Assets/Animasyon/SeviyeAnim.anim using Guid(6cb3cb66774108b499edd013bf348402) Importer(815301076,1909f56bfc062723c751e8b465ee728b)  -> (artifact id: '5452545745e2a478ea9e020d81174aa6') in 0.015083 seconds
  Import took 0.063807 seconds .

========================================================================
Received Prepare
Registering precompiled user dll's ...
Registered in 0.001122 seconds.
Begin MonoManager ReloadAssembly
Native extension for WindowsStandalone target not found
Refreshing native plugins compatible for Editor in 0.21 ms, found 0 plugins.
Preloading 0 native plugins for Editor in 0.00 ms.
Invoked RoslynAnalysisRunner static constructor.
RoslynAnalysisRunner will not be running.
RoslynAnalysisRunner has terminated.
Mono: successfully reloaded assembly
- Completed reload, in  0.850 seconds
Platform modules already initialized, skipping
Refreshing native plugins compatible for Editor in 0.21 ms, found 0 plugins.
Preloading 0 native plugins for Editor in 0.00 ms.
Unloading 1144 Unused Serialized files (Serialized files now loaded: 0)
System memory in use before: 73.3 MB.
System memory in use after: 73.4 MB.

Unloading 5 unused Assets to reduce memory usage. Loaded Objects now: 1655.
Total: 1.720900 ms (FindLiveObjects: 0.148800 ms CreateObjectMapping: 0.043900 ms MarkObjects: 1.458300 ms  DeleteObjects: 0.068800 ms)

========================================================================
Received Prepare
Registering precompiled user dll's ...
Registered in 0.001397 seconds.
Begin MonoManager ReloadAssembly
Native extension for WindowsStandalone target not found
Refreshing native plugins compatible for Editor in 0.42 ms, found 0 plugins.
Preloading 0 native plugins for Editor in 0.00 ms.
Invoked RoslynAnalysisRunner static constructor.
RoslynAnalysisRunner will not be running.
RoslynAnalysisRunner has terminated.
Mono: successfully reloaded assembly
- Completed reload, in  1.870 seconds
Platform modules already initialized, skipping
Refreshing native plugins compatible for Editor in 0.24 ms, found 0 plugins.
Preloading 0 native plugins for Editor in 0.00 ms.
Unloading 1144 Unused Serialized files (Serialized files now loaded: 0)
System memory in use before: 73.3 MB.
System memory in use after: 73.4 MB.

Unloading 5 unused Assets to reduce memory usage. Loaded Objects now: 1658.
Total: 2.072500 ms (FindLiveObjects: 0.240900 ms CreateObjectMapping: 0.158900 ms MarkObjects: 1.603300 ms  DeleteObjects: 0.065800 ms)

========================================================================
Received Prepare
Registering precompiled user dll's ...
Registered in 0.001091 seconds.
Begin MonoManager ReloadAssembly
Native extension for WindowsStandalone target not found
Refreshing native plugins compatible for Editor in 0.24 ms, found 0 plugins.
Preloading 0 native plugins for Editor in 0.00 ms.
Invoked RoslynAnalysisRunner static constructor.
RoslynAnalysisRunner will not be running.
RoslynAnalysisRunner has terminated.
Mono: successfully reloaded assembly
- Completed reload, in  0.879 seconds
Platform modules already initialized, skipping
Refreshing native plugins compatible for Editor in 0.21 ms, found 0 plugins.
Preloading 0 native plugins for Editor in 0.00 ms.
Unloading 1144 Unused Serialized files (Serialized files now loaded: 0)
System memory in use before: 73.3 MB.
System memory in use after: 73.4 MB.

Unloading 5 unused Assets to reduce memory usage. Loaded Objects now: 1661.
Total: 2.198500 ms (FindLiveObjects: 0.280200 ms CreateObjectMapping: 0.135000 ms MarkObjects: 1.706400 ms  DeleteObjects: 0.075200 ms)

========================================================================
Received Prepare
Registering precompiled user dll's ...
Registered in 0.001106 seconds.
Begin MonoManager ReloadAssembly
Native extension for WindowsStandalone target not found
Refreshing native plugins compatible for Editor in 0.23 ms, found 0 plugins.
Preloading 0 native plugins for Editor in 0.00 ms.
Invoked RoslynAnalysisRunner static constructor.
RoslynAnalysisRunner will not be running.
RoslynAnalysisRunner has terminated.
Mono: successfully reloaded assembly
- Completed reload, in  0.937 seconds
Platform modules already initialized, skipping
Refreshing native plugins compatible for Editor in 0.25 ms, found 0 plugins.
Preloading 0 native plugins for Editor in 0.00 ms.
Unloading 1144 Unused Serialized files (Serialized files now loaded: 0)
System memory in use before: 73.3 MB.
System memory in use after: 73.4 MB.

Unloading 5 unused Assets to reduce memory usage. Loaded Objects now: 1664.
Total: 1.780900 ms (FindLiveObjects: 0.201000 ms CreateObjectMapping: 0.063600 ms MarkObjects: 1.444300 ms  DeleteObjects: 0.070100 ms)

========================================================================
Received Prepare
Registering precompiled user dll's ...
Registered in 0.001252 seconds.
Begin MonoManager ReloadAssembly
Native extension for WindowsStandalone target not found
Refreshing native plugins compatible for Editor in 0.22 ms, found 0 plugins.
Preloading 0 native plugins for Editor in 0.00 ms.
Invoked RoslynAnalysisRunner static constructor.
RoslynAnalysisRunner will not be running.
RoslynAnalysisRunner has terminated.
Mono: successfully reloaded assembly
- Completed reload, in  0.853 seconds
Platform modules already initialized, skipping
Refreshing native plugins compatible for Editor in 0.22 ms, found 0 plugins.
Preloading 0 native plugins for Editor in 0.00 ms.
Unloading 1144 Unused Serialized files (Serialized files now loaded: 0)
System memory in use before: 73.3 MB.
System memory in use after: 73.4 MB.

Unloading 5 unused Assets to reduce memory usage. Loaded Objects now: 1667.
Total: 1.867100 ms (FindLiveObjects: 0.149600 ms CreateObjectMapping: 0.043800 ms MarkObjects: 1.599400 ms  DeleteObjects: 0.073100 ms)

========================================================================
Received Prepare
Registering precompiled user dll's ...
Registered in 0.001415 seconds.
Begin MonoManager ReloadAssembly
Native extension for WindowsStandalone target not found
Refreshing native plugins compatible for Editor in 0.22 ms, found 0 plugins.
Preloading 0 native plugins for Editor in 0.00 ms.
Invoked RoslynAnalysisRunner static constructor.
RoslynAnalysisRunner will not be running.
RoslynAnalysisRunner has terminated.
Mono: successfully reloaded assembly
- Completed reload, in  0.911 seconds
Platform modules already initialized, skipping
Refreshing native plugins compatible for Editor in 0.23 ms, found 0 plugins.
Preloading 0 native plugins for Editor in 0.00 ms.
Unloading 1144 Unused Serialized files (Serialized files now loaded: 0)
System memory in use before: 73.4 MB.
System memory in use after: 73.4 MB.

Unloading 5 unused Assets to reduce memory usage. Loaded Objects now: 1670.
Total: 2.162500 ms (FindLiveObjects: 0.251500 ms CreateObjectMapping: 0.105200 ms MarkObjects: 1.712000 ms  DeleteObjects: 0.091600 ms)

========================================================================
Received Prepare
Registering precompiled user dll's ...
Registered in 0.001450 seconds.
Begin MonoManager ReloadAssembly
Native extension for WindowsStandalone target not found
Refreshing native plugins compatible for Editor in 0.22 ms, found 0 plugins.
Preloading 0 native plugins for Editor in 0.00 ms.
Invoked RoslynAnalysisRunner static constructor.
RoslynAnalysisRunner will not be running.
RoslynAnalysisRunner has terminated.
Mono: successfully reloaded assembly
- Completed reload, in  0.856 seconds
Platform modules already initialized, skipping
Refreshing native plugins compatible for Editor in 0.22 ms, found 0 plugins.
Preloading 0 native plugins for Editor in 0.00 ms.
Unloading 1144 Unused Serialized files (Serialized files now loaded: 0)
System memory in use before: 73.4 MB.
System memory in use after: 73.4 MB.

Unloading 5 unused Assets to reduce memory usage. Loaded Objects now: 1673.
Total: 1.978600 ms (FindLiveObjects: 0.151800 ms CreateObjectMapping: 0.063300 ms MarkObjects: 1.686100 ms  DeleteObjects: 0.075700 ms)

========================================================================
Received Prepare
Registering precompiled user dll's ...
Registered in 0.003313 seconds.
Begin MonoManager ReloadAssembly
Native extension for WindowsStandalone target not found
Refreshing native plugins compatible for Editor in 0.23 ms, found 0 plugins.
Preloading 0 native plugins for Editor in 0.00 ms.
Invoked RoslynAnalysisRunner static constructor.
RoslynAnalysisRunner will not be running.
RoslynAnalysisRunner has terminated.
Mono: successfully reloaded assembly
- Completed reload, in  1.175 seconds
Platform modules already initialized, skipping
Refreshing native plugins compatible for Editor in 0.22 ms, found 0 plugins.
Preloading 0 native plugins for Editor in 0.00 ms.
Unloading 1144 Unused Serialized files (Serialized files now loaded: 0)
System memory in use before: 73.4 MB.
System memory in use after: 73.4 MB.

Unloading 5 unused Assets to reduce memory usage. Loaded Objects now: 1676.
Total: 2.010800 ms (FindLiveObjects: 0.145400 ms CreateObjectMapping: 0.041500 ms MarkObjects: 1.749600 ms  DeleteObjects: 0.073100 ms)

========================================================================
Received Prepare
Registering precompiled user dll's ...
Registered in 0.001075 seconds.
Begin MonoManager ReloadAssembly
Native extension for WindowsStandalone target not found
Refreshing native plugins compatible for Editor in 0.37 ms, found 0 plugins.
Preloading 0 native plugins for Editor in 0.00 ms.
Invoked RoslynAnalysisRunner static constructor.
RoslynAnalysisRunner will not be running.
RoslynAnalysisRunner has terminated.
Mono: successfully reloaded assembly
- Completed reload, in  1.489 seconds
Platform modules already initialized, skipping
Refreshing native plugins compatible for Editor in 0.58 ms, found 0 plugins.
Preloading 0 native plugins for Editor in 0.00 ms.
Unloading 1144 Unused Serialized files (Serialized files now loaded: 0)
System memory in use before: 73.4 MB.
System memory in use after: 73.4 MB.

Unloading 5 unused Assets to reduce memory usage. Loaded Objects now: 1679.
Total: 3.427100 ms (FindLiveObjects: 0.241500 ms CreateObjectMapping: 0.074100 ms MarkObjects: 2.987500 ms  DeleteObjects: 0.120300 ms)

========================================================================
Received Prepare
Registering precompiled user dll's ...
Registered in 0.001123 seconds.
Begin MonoManager ReloadAssembly
Native extension for WindowsStandalone target not found
Refreshing native plugins compatible for Editor in 0.21 ms, found 0 plugins.
Preloading 0 native plugins for Editor in 0.00 ms.
Invoked RoslynAnalysisRunner static constructor.
RoslynAnalysisRunner will not be running.
RoslynAnalysisRunner has terminated.
Mono: successfully reloaded assembly
- Completed reload, in  0.860 seconds
Platform modules already initialized, skipping
Refreshing native plugins compatible for Editor in 0.25 ms, found 0 plugins.
Preloading 0 native plugins for Editor in 0.00 ms.
Unloading 1144 Unused Serialized files (Serialized files now loaded: 0)
System memory in use before: 73.4 MB.
System memory in use after: 73.5 MB.

Unloading 5 unused Assets to reduce memory usage. Loaded Objects now: 1682.
Total: 1.895300 ms (FindLiveObjects: 0.198600 ms CreateObjectMapping: 0.050500 ms MarkObjects: 1.564500 ms  DeleteObjects: 0.080100 ms)

========================================================================
Received Prepare
Registering precompiled user dll's ...
Registered in 0.001076 seconds.
Begin MonoManager ReloadAssembly
Native extension for WindowsStandalone target not found
Refreshing native plugins compatible for Editor in 0.58 ms, found 0 plugins.
Preloading 0 native plugins for Editor in 0.00 ms.
Invoked RoslynAnalysisRunner static constructor.
RoslynAnalysisRunner will not be running.
RoslynAnalysisRunner has terminated.
Mono: successfully reloaded assembly
- Completed reload, in  1.417 seconds
Platform modules already initialized, skipping
Refreshing native plugins compatible for Editor in 0.38 ms, found 0 plugins.
Preloading 0 native plugins for Editor in 0.00 ms.
Unloading 1144 Unused Serialized files (Serialized files now loaded: 0)
System memory in use before: 73.4 MB.
System memory in use after: 73.5 MB.

Unloading 5 unused Assets to reduce memory usage. Loaded Objects now: 1685.
Total: 3.314100 ms (FindLiveObjects: 0.374700 ms CreateObjectMapping: 0.125700 ms MarkObjects: 2.697400 ms  DeleteObjects: 0.112900 ms)

========================================================================
Received Prepare
Registering precompiled user dll's ...
Registered in 0.001107 seconds.
Begin MonoManager ReloadAssembly
Native extension for WindowsStandalone target not found
Refreshing native plugins compatible for Editor in 0.26 ms, found 0 plugins.
Preloading 0 native plugins for Editor in 0.00 ms.
Invoked RoslynAnalysisRunner static constructor.
RoslynAnalysisRunner will not be running.
RoslynAnalysisRunner has terminated.
Mono: successfully reloaded assembly
- Completed reload, in  0.889 seconds
Platform modules already initialized, skipping
Refreshing native plugins compatible for Editor in 0.22 ms, found 0 plugins.
Preloading 0 native plugins for Editor in 0.00 ms.
Unloading 1144 Unused Serialized files (Serialized files now loaded: 0)
System memory in use before: 73.4 MB.
System memory in use after: 73.5 MB.

Unloading 5 unused Assets to reduce memory usage. Loaded Objects now: 1688.
Total: 2.133700 ms (FindLiveObjects: 0.225600 ms CreateObjectMapping: 0.076200 ms MarkObjects: 1.762300 ms  DeleteObjects: 0.067800 ms)

========================================================================
Received Prepare
Registering precompiled user dll's ...
Registered in 0.001066 seconds.
Begin MonoManager ReloadAssembly
Native extension for WindowsStandalone target not found
Refreshing native plugins compatible for Editor in 0.21 ms, found 0 plugins.
Preloading 0 native plugins for Editor in 0.00 ms.
Invoked RoslynAnalysisRunner static constructor.
RoslynAnalysisRunner will not be running.
RoslynAnalysisRunner has terminated.
Mono: successfully reloaded assembly
- Completed reload, in  0.958 seconds
Platform modules already initialized, skipping
Refreshing native plugins compatible for Editor in 0.23 ms, found 0 plugins.
Preloading 0 native plugins for Editor in 0.00 ms.
Unloading 1144 Unused Serialized files (Serialized files now loaded: 0)
System memory in use before: 73.4 MB.
System memory in use after: 73.5 MB.

Unloading 5 unused Assets to reduce memory usage. Loaded Objects now: 1691.
Total: 2.076200 ms (FindLiveObjects: 0.227700 ms CreateObjectMapping: 0.065300 ms MarkObjects: 1.712600 ms  DeleteObjects: 0.068900 ms)

========================================================================
Received Prepare
Registering precompiled user dll's ...
Registered in 0.001530 seconds.
Begin MonoManager ReloadAssembly
Native extension for WindowsStandalone target not found
Refreshing native plugins compatible for Editor in 0.24 ms, found 0 plugins.
Preloading 0 native plugins for Editor in 0.00 ms.
Invoked RoslynAnalysisRunner static constructor.
RoslynAnalysisRunner will not be running.
RoslynAnalysisRunner has terminated.
Mono: successfully reloaded assembly
- Completed reload, in  1.267 seconds
Platform modules already initialized, skipping
Refreshing native plugins compatible for Editor in 0.36 ms, found 0 plugins.
Preloading 0 native plugins for Editor in 0.00 ms.
Unloading 1144 Unused Serialized files (Serialized files now loaded: 0)
System memory in use before: 73.4 MB.
System memory in use after: 73.5 MB.

Unloading 5 unused Assets to reduce memory usage. Loaded Objects now: 1694.
Total: 2.970400 ms (FindLiveObjects: 0.245300 ms CreateObjectMapping: 0.073200 ms MarkObjects: 2.535000 ms  DeleteObjects: 0.114300 ms)

========================================================================
Received Import Request.
  Time since last request: 2089.906963 seconds.
  path: Assets/Scenes/AnaMenü.unity
  artifactKey: Guid(9fc0d4010bbf28b4594072e72b8655ab) Importer(815301076,1909f56bfc062723c751e8b465ee728b)
Start importing Assets/Scenes/AnaMenü.unity using Guid(9fc0d4010bbf28b4594072e72b8655ab) Importer(815301076,1909f56bfc062723c751e8b465ee728b)  -> (artifact id: '4fd429f42d524f06ff1d2bd931b6af38') in 0.014977 seconds
  Import took 0.027019 seconds .

========================================================================
Received Prepare
Registering precompiled user dll's ...
Registered in 0.001056 seconds.
Begin MonoManager ReloadAssembly
Native extension for WindowsStandalone target not found
Refreshing native plugins compatible for Editor in 0.21 ms, found 0 plugins.
Preloading 0 native plugins for Editor in 0.00 ms.
Invoked RoslynAnalysisRunner static constructor.
RoslynAnalysisRunner will not be running.
RoslynAnalysisRunner has terminated.
Mono: successfully reloaded assembly
- Completed reload, in  0.996 seconds
Platform modules already initialized, skipping
Refreshing native plugins compatible for Editor in 0.36 ms, found 0 plugins.
Preloading 0 native plugins for Editor in 0.00 ms.
Unloading 1144 Unused Serialized files (Serialized files now loaded: 0)
System memory in use before: 73.4 MB.
System memory in use after: 73.5 MB.

Unloading 5 unused Assets to reduce memory usage. Loaded Objects now: 1697.
Total: 3.055800 ms (FindLiveObjects: 0.254900 ms CreateObjectMapping: 0.077000 ms MarkObjects: 2.610200 ms  DeleteObjects: 0.111700 ms)

========================================================================
Received Import Request.
  Time since last request: 4.888395 seconds.
  path: Assets/Scenes/Islemler.unity
  artifactKey: Guid(23255bd74be037946b066eedd30b34c8) Importer(815301076,1909f56bfc062723c751e8b465ee728b)
Start importing Assets/Scenes/Islemler.unity using Guid(23255bd74be037946b066eedd30b34c8) Importer(815301076,1909f56bfc062723c751e8b465ee728b)  -> (artifact id: '451e8d83f334283c1d4bd13f79c35288') in 0.033608 seconds
  Import took 0.216649 seconds .

========================================================================
Received Prepare
Registering precompiled user dll's ...
Registered in 0.001539 seconds.
Begin MonoManager ReloadAssembly
Native extension for WindowsStandalone target not found
Refreshing native plugins compatible for Editor in 0.23 ms, found 0 plugins.
Preloading 0 native plugins for Editor in 0.00 ms.
Invoked RoslynAnalysisRunner static constructor.
RoslynAnalysisRunner will not be running.
RoslynAnalysisRunner has terminated.
Mono: successfully reloaded assembly
- Completed reload, in  1.009 seconds
Platform modules already initialized, skipping
Refreshing native plugins compatible for Editor in 0.23 ms, found 0 plugins.
Preloading 0 native plugins for Editor in 0.00 ms.
Unloading 1144 Unused Serialized files (Serialized files now loaded: 0)
System memory in use before: 73.4 MB.
System memory in use after: 73.5 MB.

Unloading 5 unused Assets to reduce memory usage. Loaded Objects now: 1700.
Total: 1.784800 ms (FindLiveObjects: 0.161500 ms CreateObjectMapping: 0.040300 ms MarkObjects: 1.513500 ms  DeleteObjects: 0.067500 ms)

========================================================================
Received Import Request.
  Time since last request: 57.030769 seconds.
  path: Assets/Scripts/Islemler.cs
  artifactKey: Guid(81e664783626fe54cb001cb4cae171ff) Importer(815301076,1909f56bfc062723c751e8b465ee728b)
Start importing Assets/Scripts/Islemler.cs using Guid(81e664783626fe54cb001cb4cae171ff) Importer(815301076,1909f56bfc062723c751e8b465ee728b)  -> (artifact id: '26747a961e9684d98cc76e0d212bbe15') in 0.008953 seconds
  Import took 0.014499 seconds .

========================================================================
Received Prepare
Registering precompiled user dll's ...
Registered in 0.001169 seconds.
Begin MonoManager ReloadAssembly
Native extension for WindowsStandalone target not found
Refreshing native plugins compatible for Editor in 0.37 ms, found 0 plugins.
Preloading 0 native plugins for Editor in 0.00 ms.
Invoked RoslynAnalysisRunner static constructor.
RoslynAnalysisRunner will not be running.
RoslynAnalysisRunner has terminated.
Mono: successfully reloaded assembly
- Completed reload, in  1.763 seconds
Platform modules already initialized, skipping
Refreshing native plugins compatible for Editor in 0.37 ms, found 0 plugins.
Preloading 0 native plugins for Editor in 0.00 ms.
Unloading 1144 Unused Serialized files (Serialized files now loaded: 0)
System memory in use before: 73.4 MB.
System memory in use after: 73.5 MB.

Unloading 5 unused Assets to reduce memory usage. Loaded Objects now: 1703.
Total: 3.187900 ms (FindLiveObjects: 0.301500 ms CreateObjectMapping: 0.108400 ms MarkObjects: 2.660700 ms  DeleteObjects: 0.114000 ms)

========================================================================
Received Import Request.
  Time since last request: 116.463125 seconds.
  path: Assets/Scripts/AnaMenu.cs
  artifactKey: Guid(b026e5ea53a3d2e49a2f99a3001d5569) Importer(815301076,1909f56bfc062723c751e8b465ee728b)
Start importing Assets/Scripts/AnaMenu.cs using Guid(b026e5ea53a3d2e49a2f99a3001d5569) Importer(815301076,1909f56bfc062723c751e8b465ee728b)  -> (artifact id: '0e06d1573b090c1ddb10a1f8352eaaca') in 0.011998 seconds
  Import took 0.014391 seconds .

========================================================================
Received Prepare
Registering precompiled user dll's ...
Registered in 0.001116 seconds.
Begin MonoManager ReloadAssembly
Native extension for WindowsStandalone target not found
Refreshing native plugins compatible for Editor in 0.22 ms, found 0 plugins.
Preloading 0 native plugins for Editor in 0.00 ms.
Invoked RoslynAnalysisRunner static constructor.
RoslynAnalysisRunner will not be running.
RoslynAnalysisRunner has terminated.
Mono: successfully reloaded assembly
- Completed reload, in  0.895 seconds
Platform modules already initialized, skipping
Refreshing native plugins compatible for Editor in 0.25 ms, found 0 plugins.
Preloading 0 native plugins for Editor in 0.00 ms.
Unloading 1144 Unused Serialized files (Serialized files now loaded: 0)
System memory in use before: 73.4 MB.
System memory in use after: 73.5 MB.

Unloading 5 unused Assets to reduce memory usage. Loaded Objects now: 1706.
Total: 2.880500 ms (FindLiveObjects: 0.366500 ms CreateObjectMapping: 0.127600 ms MarkObjects: 2.300600 ms  DeleteObjects: 0.083800 ms)

========================================================================
Received Prepare
Registering precompiled user dll's ...
Registered in 0.001243 seconds.
Begin MonoManager ReloadAssembly
Native extension for WindowsStandalone target not found
Refreshing native plugins compatible for Editor in 0.21 ms, found 0 plugins.
Preloading 0 native plugins for Editor in 0.00 ms.
Invoked RoslynAnalysisRunner static constructor.
RoslynAnalysisRunner will not be running.
RoslynAnalysisRunner has terminated.
Mono: successfully reloaded assembly
- Completed reload, in  0.823 seconds
Platform modules already initialized, skipping
Refreshing native plugins compatible for Editor in 0.22 ms, found 0 plugins.
Preloading 0 native plugins for Editor in 0.00 ms.
Unloading 1144 Unused Serialized files (Serialized files now loaded: 0)
System memory in use before: 73.4 MB.
System memory in use after: 73.5 MB.

Unloading 5 unused Assets to reduce memory usage. Loaded Objects now: 1709.
Total: 1.775600 ms (FindLiveObjects: 0.189600 ms CreateObjectMapping: 0.043700 ms MarkObjects: 1.472400 ms  DeleteObjects: 0.068100 ms)

========================================================================
Received Prepare
Registering precompiled user dll's ...
Registered in 0.003281 seconds.
Begin MonoManager ReloadAssembly
Native extension for WindowsStandalone target not found
Refreshing native plugins compatible for Editor in 0.22 ms, found 0 plugins.
Preloading 0 native plugins for Editor in 0.00 ms.
Invoked RoslynAnalysisRunner static constructor.
RoslynAnalysisRunner will not be running.
RoslynAnalysisRunner has terminated.
Mono: successfully reloaded assembly
- Completed reload, in  1.461 seconds
Platform modules already initialized, skipping
Refreshing native plugins compatible for Editor in 0.22 ms, found 0 plugins.
Preloading 0 native plugins for Editor in 0.00 ms.
Unloading 1144 Unused Serialized files (Serialized files now loaded: 0)
System memory in use before: 73.4 MB.
System memory in use after: 73.5 MB.

Unloading 5 unused Assets to reduce memory usage. Loaded Objects now: 1712.
Total: 2.015800 ms (FindLiveObjects: 0.162700 ms CreateObjectMapping: 0.055600 ms MarkObjects: 1.729600 ms  DeleteObjects: 0.065900 ms)

========================================================================
Received Import Request.
  Time since last request: 395.607219 seconds.
  path: Assets/Scripts/AnaMenu.cs
  artifactKey: Guid(b026e5ea53a3d2e49a2f99a3001d5569) Importer(815301076,1909f56bfc062723c751e8b465ee728b)
Start importing Assets/Scripts/AnaMenu.cs using Guid(b026e5ea53a3d2e49a2f99a3001d5569) Importer(815301076,1909f56bfc062723c751e8b465ee728b)  -> (artifact id: 'c3268b26fb1c82ca8a66aebc5d764933') in 0.010402 seconds
  Import took 0.013269 seconds .

========================================================================
Received Prepare
Registering precompiled user dll's ...
Registered in 0.001136 seconds.
Begin MonoManager ReloadAssembly
Native extension for WindowsStandalone target not found
Refreshing native plugins compatible for Editor in 0.21 ms, found 0 plugins.
Preloading 0 native plugins for Editor in 0.00 ms.
Invoked RoslynAnalysisRunner static constructor.
RoslynAnalysisRunner will not be running.
RoslynAnalysisRunner has terminated.
Mono: successfully reloaded assembly
- Completed reload, in  0.839 seconds
Platform modules already initialized, skipping
Refreshing native plugins compatible for Editor in 0.23 ms, found 0 plugins.
Preloading 0 native plugins for Editor in 0.00 ms.
Unloading 1144 Unused Serialized files (Serialized files now loaded: 0)
System memory in use before: 73.5 MB.
System memory in use after: 73.5 MB.

Unloading 5 unused Assets to reduce memory usage. Loaded Objects now: 1715.
Total: 2.246600 ms (FindLiveObjects: 0.376700 ms CreateObjectMapping: 0.112100 ms MarkObjects: 1.688500 ms  DeleteObjects: 0.067700 ms)

========================================================================
Received Import Request.
  Time since last request: 94.016226 seconds.
  path: Assets/Scenes/AnaMenü.unity
  artifactKey: Guid(9fc0d4010bbf28b4594072e72b8655ab) Importer(815301076,1909f56bfc062723c751e8b465ee728b)
Start importing Assets/Scenes/AnaMenü.unity using Guid(9fc0d4010bbf28b4594072e72b8655ab) Importer(815301076,1909f56bfc062723c751e8b465ee728b)  -> (artifact id: '0c7fc48df401ee05d971319220731818') in 0.018360 seconds
  Import took 0.068040 seconds .

========================================================================
Received Prepare
Registering precompiled user dll's ...
Registered in 0.001109 seconds.
Begin MonoManager ReloadAssembly
Native extension for WindowsStandalone target not found
Refreshing native plugins compatible for Editor in 0.23 ms, found 0 plugins.
Preloading 0 native plugins for Editor in 0.00 ms.
Invoked RoslynAnalysisRunner static constructor.
RoslynAnalysisRunner will not be running.
RoslynAnalysisRunner has terminated.
Mono: successfully reloaded assembly
- Completed reload, in  0.857 seconds
Platform modules already initialized, skipping
Refreshing native plugins compatible for Editor in 0.37 ms, found 0 plugins.
Preloading 0 native plugins for Editor in 0.00 ms.
Unloading 1144 Unused Serialized files (Serialized files now loaded: 0)
System memory in use before: 73.5 MB.
System memory in use after: 73.5 MB.

Unloading 5 unused Assets to reduce memory usage. Loaded Objects now: 1718.
Total: 4.183800 ms (FindLiveObjects: 0.459500 ms CreateObjectMapping: 0.160700 ms MarkObjects: 3.394300 ms  DeleteObjects: 0.166100 ms)

AssetImportWorkerClient::OnTransportError - code=2 error=End of file
